%!Adobe-FontList 1.18
%Locale:0x410

%BeginFont
Handler:DirectoryHandler
FontType:TrueType
FontName:Montserrat-Bold
FamilyName:Montserrat
StyleName:Bold
FullName:Montserrat-Bold
MenuName:Montserrat
StyleBits:2
WritingScript:Roman
OutlineFileName:C:\Users\Amanda\Documents\GitHub\FONDAMENTI\FORMAT TAVOLA ORIZZ\Document fonts\Montserrat-Bold.ttf
DataFormat:sfntData
hasSVG:no
FileLength:29560
FileModTime:1487193072
WeightClass:700
WidthClass:5
AngleClass:0
NameArray:0,Mac,4,Montserrat-Bold
NameArray:0,Win,1,Montserrat
%EndFont

%BeginFont
Handler:DirectoryHandler
FontType:TrueType
FontName:WorkSans-Light
FamilyName:Work Sans
StyleName:Light
FullName:Work Sans Light
MenuName:Work Sans Light
StyleBits:0
WritingScript:Roman
OutlineFileName:C:\Users\Amanda\Documents\GitHub\FONDAMENTI\FORMAT TAVOLA ORIZZ\Document fonts\WorkSans-Light.ttf
DataFormat:sfntData
hasSVG:no
FileLength:136980
FileModTime:1487193072
WeightClass:300
WidthClass:5
AngleClass:0
NameArray:0,Win,1,Work Sans Light
NameArray:0,Win,16,Work Sans
%EndFont

